<?xml version="1.0" encoding="UTF-8" standalone="no"?>
<testsuite failures="5" name="cucumber.runtime.formatter.JUnitFormatter" skipped="0" tests="7" time="54.271483">
<testcase classname="To validate the Login functionality of Amazon application" name="To validate the invalid username and invalid password" time="10.526366">
<failure message="java.lang.AssertionError&#13;&#10;&#9;at org.junit.Assert.fail(Assert.java:86)&#13;&#10;&#9;at org.junit.Assert.assertTrue(Assert.java:41)&#13;&#10;&#9;at org.junit.Assert.assertTrue(Assert.java:52)&#13;&#10;&#9;at org.stepdef.AmazonLogin.to_click_the_SignIn_button(AmazonLogin.java:40)&#13;&#10;&#9;at ✽.To click the SignIn button(file:src/test/resources/Amazon.feature:13)&#13;&#10;"><![CDATA[Given To launch the Browser and url.........................................passed
When To pass the invalid username...........................................passed
And To click the continue option............................................passed
And To pass the invalid password............................................passed
And To click the SignIn button..............................................failed
Then To close the current page..............................................skipped

StackTrace:
java.lang.AssertionError
	at org.junit.Assert.fail(Assert.java:86)
	at org.junit.Assert.assertTrue(Assert.java:41)
	at org.junit.Assert.assertTrue(Assert.java:52)
	at org.stepdef.AmazonLogin.to_click_the_SignIn_button(AmazonLogin.java:40)
	at ✽.To click the SignIn button(file:src/test/resources/Amazon.feature:13)
]]></failure>
</testcase>
<testcase classname="To validate the Login functionality of Amazon application" name="To validate the valid username and password" time="10.010898">
<system-out><![CDATA[Given To launch the Browser and url.........................................passed
When User has to pass the valid id..........................................passed
And User has to click the continue button...................................passed
And User has to pass the valid pw...........................................passed
And User has to click SignIn option.........................................passed
Then User has to close the page.............................................passed
]]></system-out>
</testcase>
<testcase classname="To validate the Login Functionality of FaceBook application" name="To validate login with Valid username and Invalid password" time="6.811195">
<system-out><![CDATA[Given User has to launch the Browser and hit the url........................passed
When User has to pass the valid username to the Email field.................passed
And User has to pass the invalid password to password field.................passed
And User has to click the Login button......................................passed
And User has to navigate to the Invalid credentials page....................passed
Then User has to close the Browser..........................................passed
]]></system-out>
</testcase>
<testcase classname="To validate the Login Functionality of FaceBook application" name="To Validate the Positive &amp; Negative combinations" time="6.709489">
<failure message="java.lang.AssertionError&#13;&#10;&#9;at org.junit.Assert.fail(Assert.java:86)&#13;&#10;&#9;at org.junit.Assert.assertTrue(Assert.java:41)&#13;&#10;&#9;at org.junit.Assert.assertTrue(Assert.java:52)&#13;&#10;&#9;at org.stepdef.FbCombination.to_Click_the_Login_button(FbCombination.java:30)&#13;&#10;&#9;at ✽.To Click the Login button(file:src/test/resources/FaceBook.feature:25)&#13;&#10;"><![CDATA[Given User has to launch the Browser and hit the url........................passed
When To pass the value to "java@gmail" username.............................passed
And To pass the Value to "java123" password.................................passed
And To Click the Login button...............................................failed
Then To has to close the Browser............................................skipped

StackTrace:
java.lang.AssertionError
	at org.junit.Assert.fail(Assert.java:86)
	at org.junit.Assert.assertTrue(Assert.java:41)
	at org.junit.Assert.assertTrue(Assert.java:52)
	at org.stepdef.FbCombination.to_Click_the_Login_button(FbCombination.java:30)
	at ✽.To Click the Login button(file:src/test/resources/FaceBook.feature:25)
]]></failure>
</testcase>
<testcase classname="To validate the Login Functionality of FaceBook application" name="To Validate the Positive &amp; Negative combinations 2" time="6.648103">
<failure message="java.lang.AssertionError&#13;&#10;&#9;at org.junit.Assert.fail(Assert.java:86)&#13;&#10;&#9;at org.junit.Assert.assertTrue(Assert.java:41)&#13;&#10;&#9;at org.junit.Assert.assertTrue(Assert.java:52)&#13;&#10;&#9;at org.stepdef.FbCombination.to_Click_the_Login_button(FbCombination.java:30)&#13;&#10;&#9;at ✽.To Click the Login button(file:src/test/resources/FaceBook.feature:25)&#13;&#10;"><![CDATA[Given User has to launch the Browser and hit the url........................passed
When To pass the value to "Python@gmail" username...........................passed
And To pass the Value to "python123" password...............................passed
And To Click the Login button...............................................failed
Then To has to close the Browser............................................skipped

StackTrace:
java.lang.AssertionError
	at org.junit.Assert.fail(Assert.java:86)
	at org.junit.Assert.assertTrue(Assert.java:41)
	at org.junit.Assert.assertTrue(Assert.java:52)
	at org.stepdef.FbCombination.to_Click_the_Login_button(FbCombination.java:30)
	at ✽.To Click the Login button(file:src/test/resources/FaceBook.feature:25)
]]></failure>
</testcase>
<testcase classname="To validate the Login Functionality of FaceBook application" name="To Validate the Positive &amp; Negative combinations 3" time="6.7766">
<failure message="java.lang.AssertionError&#13;&#10;&#9;at org.junit.Assert.fail(Assert.java:86)&#13;&#10;&#9;at org.junit.Assert.assertTrue(Assert.java:41)&#13;&#10;&#9;at org.junit.Assert.assertTrue(Assert.java:52)&#13;&#10;&#9;at org.stepdef.FbCombination.to_Click_the_Login_button(FbCombination.java:30)&#13;&#10;&#9;at ✽.To Click the Login button(file:src/test/resources/FaceBook.feature:25)&#13;&#10;"><![CDATA[Given User has to launch the Browser and hit the url........................passed
When To pass the value to "Sql@gmail" username..............................passed
And To pass the Value to "sql456" password..................................passed
And To Click the Login button...............................................failed
Then To has to close the Browser............................................skipped

StackTrace:
java.lang.AssertionError
	at org.junit.Assert.fail(Assert.java:86)
	at org.junit.Assert.assertTrue(Assert.java:41)
	at org.junit.Assert.assertTrue(Assert.java:52)
	at org.stepdef.FbCombination.to_Click_the_Login_button(FbCombination.java:30)
	at ✽.To Click the Login button(file:src/test/resources/FaceBook.feature:25)
]]></failure>
</testcase>
<testcase classname="To validate the Login Functionality of FaceBook application" name="To Validate the Positive &amp; Negative combinations 4" time="6.788832">
<failure message="java.lang.AssertionError&#13;&#10;&#9;at org.junit.Assert.fail(Assert.java:86)&#13;&#10;&#9;at org.junit.Assert.assertTrue(Assert.java:41)&#13;&#10;&#9;at org.junit.Assert.assertTrue(Assert.java:52)&#13;&#10;&#9;at org.stepdef.FbCombination.to_Click_the_Login_button(FbCombination.java:30)&#13;&#10;&#9;at ✽.To Click the Login button(file:src/test/resources/FaceBook.feature:25)&#13;&#10;"><![CDATA[Given User has to launch the Browser and hit the url........................passed
When To pass the value to "Selenium@gmail" username.........................passed
And To pass the Value to "selen780" password................................passed
And To Click the Login button...............................................failed
Then To has to close the Browser............................................skipped

StackTrace:
java.lang.AssertionError
	at org.junit.Assert.fail(Assert.java:86)
	at org.junit.Assert.assertTrue(Assert.java:41)
	at org.junit.Assert.assertTrue(Assert.java:52)
	at org.stepdef.FbCombination.to_Click_the_Login_button(FbCombination.java:30)
	at ✽.To Click the Login button(file:src/test/resources/FaceBook.feature:25)
]]></failure>
</testcase>
</testsuite>
